android/LiveDemo3/app/build/outputs/logs/manifest-merger-debug-report.txt
-- Merging decision tree log ---
manifest
ADDED from src/main/AndroidManifest.xml:2:1-75:12
	package
		ADDED from src/main/AndroidManifest.xml:2:11-39
		INJECTED from src/main/AndroidManifest.xml
		INJECTED from src/main/AndroidManifest.xml
	android:versionName
		INJECTED from src/main/AndroidManifest.xml
		INJECTED from src/main/AndroidManifest.xml
	xmlns:android
		ADDED from src/main/AndroidManifest.xml:3:11-69
	android:versionCode
		INJECTED from src/main/AndroidManifest.xml
		INJECTED from src/main/AndroidManifest.xml
uses-permission#android.permission.ACCESS_WIFI_STATE
ADDED from src/main/AndroidManifest.xml:5:5-75
	android:name
		ADDED from src/main/AndroidManifest.xml:5:22-73
uses-permission#android.permission.READ_LOGS
ADDED from src/main/AndroidManifest.xml:6:5-67
	android:name
		ADDED from src/main/AndroidManifest.xml:6:22-65
uses-permission#android.permission.RECORD_AUDIO
ADDED from src/main/AndroidManifest.xml:7:5-70
	android:name
		ADDED from src/main/AndroidManifest.xml:7:22-68
uses-permission#android.permission.MODIFY_AUDIO_SETTINGS
ADDED from src/main/AndroidManifest.xml:8:5-79
	android:name
		ADDED from src/main/AndroidManifest.xml:8:22-77
uses-permission#android.permission.INTERNET
ADDED from src/main/AndroidManifest.xml:9:5-66
	android:name
		ADDED from src/main/AndroidManifest.xml:9:22-64
uses-permission#android.permission.ACCESS_NETWORK_STATE
ADDED from src/main/AndroidManifest.xml:10:5-78
	android:name
		ADDED from src/main/AndroidManifest.xml:10:22-76
uses-permission#android.permission.READ_PHONE_STATE
ADDED from src/main/AndroidManifest.xml:11:5-74
	android:name
		ADDED from src/main/AndroidManifest.xml:11:22-72
uses-permission#android.permission.PROCESS_OUTGOING_CALLS
ADDED from src/main/AndroidManifest.xml:12:5-80
	android:name
		ADDED from src/main/AndroidManifest.xml:12:22-78
uses-permission#android.permission.WRITE_EXTERNAL_STORAGE
ADDED from src/main/AndroidManifest.xml:13:5-15:37
	android:maxSdkVersion
		ADDED from src/main/AndroidManifest.xml:15:9-35
	android:name
		ADDED from src/main/AndroidManifest.xml:14:9-65
uses-permission#android.permission.MOUNT_UNMOUNT_FILESYSTEMS
ADDED from src/main/AndroidManifest.xml:16:5-83
	android:name
		ADDED from src/main/AndroidManifest.xml:16:22-81
uses-feature#0x00020000
ADDED from src/main/AndroidManifest.xml:18:5-20:34
	android:glEsVersion
		ADDED from src/main/AndroidManifest.xml:19:9-41
	android:required
		ADDED from src/main/AndroidManifest.xml:20:9-32
uses-permission#android.permission.CAMERA
ADDED from src/main/AndroidManifest.xml:21:5-64
	android:name
		ADDED from src/main/AndroidManifest.xml:21:22-62
uses-feature#android.hardware.camera
ADDED from src/main/AndroidManifest.xml:23:5-59
	android:name
		ADDED from src/main/AndroidManifest.xml:23:19-57
uses-feature#android.hardware.camera.autofocus
ADDED from src/main/AndroidManifest.xml:24:5-69
	android:name
		ADDED from src/main/AndroidManifest.xml:24:19-67
uses-permission#android.permission.WAKE_LOCK
ADDED from src/main/AndroidManifest.xml:26:5-67
	android:name
		ADDED from src/main/AndroidManifest.xml:26:22-65
application
ADDED from src/main/AndroidManifest.xml:28:5-73:19
MERGED from [com.android.support:design:23.4.0] AndroidManifest.xml:22:5-20
MERGED from [com.android.support:support-v4:23.4.0] AndroidManifest.xml:22:5-20
MERGED from [com.android.support:appcompat-v7:23.4.0] AndroidManifest.xml:25:5-20
MERGED from [com.android.support:animated-vector-drawable:23.4.0] AndroidManifest.xml:7:5-20
MERGED from [com.android.support:support-vector-drawable:23.4.0] AndroidManifest.xml:7:5-20
MERGED from [com.android.support:support-v4:23.4.0] AndroidManifest.xml:22:5-20
MERGED from [com.android.support:support-v4:23.4.0] AndroidManifest.xml:22:5-20
MERGED from [com.android.support:support-vector-drawable:23.4.0] AndroidManifest.xml:7:5-20
MERGED from [com.android.support:support-v4:23.4.0] AndroidManifest.xml:22:5-20
MERGED from [com.android.support:support-v4:23.4.0] AndroidManifest.xml:22:5-20
MERGED from [com.android.support:appcompat-v7:23.4.0] AndroidManifest.xml:25:5-20
MERGED from [com.android.support:animated-vector-drawable:23.4.0] AndroidManifest.xml:7:5-20
MERGED from [com.android.support:support-vector-drawable:23.4.0] AndroidManifest.xml:7:5-20
MERGED from [com.android.support:support-v4:23.4.0] AndroidManifest.xml:22:5-20
MERGED from [com.android.support:support-v4:23.4.0] AndroidManifest.xml:22:5-20
MERGED from [com.android.support:support-vector-drawable:23.4.0] AndroidManifest.xml:7:5-20
MERGED from [com.android.support:support-v4:23.4.0] AndroidManifest.xml:22:5-20
MERGED from [com.google.android.gms:play-services-appindexing:8.4.0] AndroidManifest.xml:19:5-20
MERGED from [com.google.android.gms:play-services-basement:8.4.0] AndroidManifest.xml:20:5-24:19
MERGED from [com.android.support:support-v4:23.4.0] AndroidManifest.xml:22:5-20
MERGED from [com.android.support:cardview-v7:23.4.0] AndroidManifest.xml:22:5-20
	android:label
		ADDED from src/main/AndroidManifest.xml:32:9-41
	android:supportsRtl
		ADDED from src/main/AndroidManifest.xml:33:9-35
	android:allowBackup
		ADDED from src/main/AndroidManifest.xml:30:9-35
	android:icon
		ADDED from src/main/AndroidManifest.xml:31:9-43
	android:theme
		ADDED from src/main/AndroidManifest.xml:34:9-40
	android:name
		ADDED from src/main/AndroidManifest.xml:29:9-58
activity#com.zego.livedemo3.MainActivity
ADDED from src/main/AndroidManifest.xml:35:9-46:20
	android:screenOrientation
		ADDED from src/main/AndroidManifest.xml:38:13-49
	android:label
		ADDED from src/main/AndroidManifest.xml:37:13-45
	android:windowSoftInputMode
		ADDED from src/main/AndroidManifest.xml:39:13-64
	android:name
		ADDED from src/main/AndroidManifest.xml:36:13-41
intent-filter#android.intent.action.MAIN+android.intent.category.LAUNCHER
ADDED from src/main/AndroidManifest.xml:41:13-45:29
action#android.intent.action.MAIN
ADDED from src/main/AndroidManifest.xml:42:17-68
	android:name
		ADDED from src/main/AndroidManifest.xml:42:25-66
category#android.intent.category.LAUNCHER
ADDED from src/main/AndroidManifest.xml:44:17-76
	android:name
		ADDED from src/main/AndroidManifest.xml:44:27-74
activity#com.zego.livedemo3.PublishActivity
ADDED from src/main/AndroidManifest.xml:47:9-52:20
	android:configChanges
		ADDED from src/main/AndroidManifest.xml:49:13-59
	android:name
		ADDED from src/main/AndroidManifest.xml:48:13-62
activity#com.zego.livedemo3.PlayActivity
ADDED from src/main/AndroidManifest.xml:54:9-59:20
	android:configChanges
		ADDED from src/main/AndroidManifest.xml:56:13-59
	android:name
		ADDED from src/main/AndroidManifest.xml:55:13-59
activity#com.zego.livedemo3.AboutZegoActivity
ADDED from src/main/AndroidManifest.xml:61:9-66:20
	android:screenOrientation
		ADDED from src/main/AndroidManifest.xml:63:13-49
	android:name
		ADDED from src/main/AndroidManifest.xml:62:13-64
activity#com.zego.livedemo3.LogListActivity
ADDED from src/main/AndroidManifest.xml:69:9-71:51
	android:screenOrientation
		ADDED from src/main/AndroidManifest.xml:71:13-49
	android:name
		ADDED from src/main/AndroidManifest.xml:70:13-44
uses-sdk
INJECTED from src/main/AndroidManifest.xml reason: use-sdk injection requested
MERGED from [com.android.support:multidex:1.0.1] AndroidManifest.xml:18:5-42
MERGED from [com.android.support:design:23.4.0] AndroidManifest.xml:20:5-43
MERGED from [com.android.support:recyclerview-v7:23.4.0] AndroidManifest.xml:20:5-43
MERGED from [com.android.support:support-v4:23.4.0] AndroidManifest.xml:20:5-43
MERGED from [com.android.support:appcompat-v7:23.4.0] AndroidManifest.xml:21:5-23:78
MERGED from [com.android.support:animated-vector-drawable:23.4.0] AndroidManifest.xml:5:5-44
MERGED from [com.android.support:support-vector-drawable:23.4.0] AndroidManifest.xml:5:5-43
MERGED from [com.android.support:support-v4:23.4.0] AndroidManifest.xml:20:5-43
MERGED from [com.android.support:support-v4:23.4.0] AndroidManifest.xml:20:5-43
MERGED from [com.android.support:support-vector-drawable:23.4.0] AndroidManifest.xml:5:5-43
MERGED from [com.android.support:support-v4:23.4.0] AndroidManifest.xml:20:5-43
MERGED from [com.android.support:support-v4:23.4.0] AndroidManifest.xml:20:5-43
MERGED from [com.android.support:appcompat-v7:23.4.0] AndroidManifest.xml:21:5-23:78
MERGED from [com.android.support:animated-vector-drawable:23.4.0] AndroidManifest.xml:5:5-44
MERGED from [com.android.support:support-vector-drawable:23.4.0] AndroidManifest.xml:5:5-43
MERGED from [com.android.support:support-v4:23.4.0] AndroidManifest.xml:20:5-43
MERGED from [com.android.support:support-v4:23.4.0] AndroidManifest.xml:20:5-43
MERGED from [com.android.support:support-vector-drawable:23.4.0] AndroidManifest.xml:5:5-43
MERGED from [com.android.support:support-v4:23.4.0] AndroidManifest.xml:20:5-43
MERGED from [com.google.android.gms:play-services-appindexing:8.4.0] AndroidManifest.xml:18:5-42
MERGED from [com.google.android.gms:play-services-base:8.4.0] AndroidManifest.xml:18:5-42
MERGED from [com.google.android.gms:play-services-basement:8.4.0] AndroidManifest.xml:18:5-42
MERGED from [com.android.support:support-v4:23.4.0] AndroidManifest.xml:20:5-43
MERGED from [com.android.support:cardview-v7:23.4.0] AndroidManifest.xml:20:5-43
	tools:overrideLibrary
		ADDED from [com.android.support:appcompat-v7:23.4.0] AndroidManifest.xml:23:9-75
	android:targetSdkVersion
		INJECTED from src/main/AndroidManifest.xml
		INJECTED from src/main/AndroidManifest.xml
	android:minSdkVersion
		INJECTED from src/main/AndroidManifest.xml
		INJECTED from src/main/AndroidManifest.xml
meta-data#com.google.android.gms.version
ADDED from [com.google.android.gms:play-services-basement:8.4.0] AndroidManifest.xml:21:9-23:69
	android:value
		ADDED from [com.google.android.gms:play-services-basement:8.4.0] AndroidManifest.xml:23:13-66
	android:name
		ADDED from [com.google.android.gms:play-services-basement:8.4.0] AndroidManifest.xml:22:13-58